TN:
SF:src\App.jsx
FN:10,App
FNF:1
FNH:0
FNDA:0,App
DA:12,0
LF:1
LH:0
BRF:0
BRH:0
end_of_record
TN:
SF:src\components\ChecklistTable.jsx
FN:7,SeverityBadge
FN:16,ChecklistTable
FN:19,(anonymous_2)
FN:21,(anonymous_3)
FN:22,(anonymous_4)
FN:46,(anonymous_5)
FN:63,(anonymous_6)
FN:73,(anonymous_7)
FN:84,(anonymous_8)
FN:90,(anonymous_9)
FN:107,Th
FN:110,Td
FNF:12
FNH:5
FNDA:0,SeverityBadge
FNDA:2,ChecklistTable
FNDA:2,(anonymous_2)
FNDA:2,(anonymous_3)
FNDA:0,(anonymous_4)
FNDA:2,(anonymous_5)
FNDA:2,(anonymous_6)
FNDA:0,(anonymous_7)
FNDA:0,(anonymous_8)
FNDA:0,(anonymous_9)
FNDA:0,Th
FNDA:0,Td
DA:5,1
DA:9,0
DA:13,0
DA:17,2
DA:19,2
DA:20,2
DA:21,2
DA:22,2
DA:23,2
DA:24,2
DA:25,2
DA:29,2
DA:47,2
DA:48,2
DA:49,2
DA:50,2
DA:64,2
DA:65,0
DA:73,0
DA:85,0
DA:90,0
DA:108,0
DA:111,0
LF:23
LH:15
BRDA:9,0,0,0
BRDA:9,0,1,0
BRDA:10,1,0,0
BRDA:10,1,1,0
BRDA:11,2,0,0
BRDA:11,2,1,0
BRDA:22,3,0,2
BRDA:22,3,1,0
BRDA:22,4,0,0
BRDA:22,4,1,0
BRDA:23,5,0,2
BRDA:23,5,1,0
BRDA:24,6,0,2
BRDA:24,6,1,0
BRDA:25,7,0,2
BRDA:25,7,1,2
BRDA:25,7,2,2
BRDA:48,8,0,2
BRDA:48,8,1,2
BRDA:110,9,0,0
BRF:20
BRH:8
end_of_record
TN:
SF:src\components\Dashboard.jsx
FN:7,Dashboard
FN:9,(anonymous_1)
FNF:2
FNH:0
FNDA:0,Dashboard
FNDA:0,(anonymous_1)
DA:8,0
DA:9,0
DA:11,0
DA:19,0
LF:4
LH:0
BRDA:11,0,0,0
BRDA:11,0,1,0
BRDA:13,1,0,0
BRDA:13,1,1,0
BRDA:15,2,0,0
BRDA:15,2,1,0
BRDA:23,3,0,0
BRDA:23,3,1,0
BRF:8
BRH:0
end_of_record
TN:
SF:src\components\Filters.jsx
FN:5,Filters
FN:8,(anonymous_1)
FN:10,(anonymous_2)
FN:10,(anonymous_3)
FN:10,(anonymous_4)
FN:20,(anonymous_5)
FN:21,(anonymous_6)
FN:27,(anonymous_7)
FN:28,(anonymous_8)
FN:34,(anonymous_9)
FNF:10
FNH:0
FNDA:0,Filters
FNDA:0,(anonymous_1)
FNDA:0,(anonymous_2)
FNDA:0,(anonymous_3)
FNDA:0,(anonymous_4)
FNDA:0,(anonymous_5)
FNDA:0,(anonymous_6)
FNDA:0,(anonymous_7)
FNDA:0,(anonymous_8)
FNDA:0,(anonymous_9)
DA:6,0
DA:8,0
DA:9,0
DA:10,0
DA:11,0
DA:14,0
DA:16,0
DA:20,0
DA:21,0
DA:27,0
DA:28,0
DA:34,0
LF:12
LH:0
BRDA:10,0,0,0
BRDA:10,0,1,0
BRDA:10,1,0,0
BRDA:10,1,1,0
BRF:4
BRH:0
end_of_record
TN:
SF:src\components\NavBar.jsx
FN:4,NavBar
FNF:1
FNH:0
FNDA:0,NavBar
DA:5,0
LF:1
LH:0
BRF:0
BRH:0
end_of_record
TN:
SF:src\components\ReportCharts.jsx
FN:11,ReportCharts
FN:17,(anonymous_1)
FN:19,(anonymous_2)
FN:20,(anonymous_3)
FN:21,(anonymous_4)
FN:31,(anonymous_5)
FN:36,(anonymous_6)
FN:36,(anonymous_7)
FN:39,(anonymous_8)
FN:41,(anonymous_9)
FN:64,(anonymous_10)
FN:64,(anonymous_11)
FN:80,(anonymous_12)
FN:105,(anonymous_13)
FN:105,(anonymous_14)
FN:120,(anonymous_15)
FN:124,(anonymous_16)
FN:127,(anonymous_17)
FN:149,(anonymous_18)
FN:149,(anonymous_19)
FN:156,(anonymous_20)
FN:166,(anonymous_21)
FNF:22
FNH:13
FNDA:2,ReportCharts
FNDA:1,(anonymous_1)
FNDA:8,(anonymous_2)
FNDA:8,(anonymous_3)
FNDA:8,(anonymous_4)
FNDA:1,(anonymous_5)
FNDA:8,(anonymous_6)
FNDA:16,(anonymous_7)
FNDA:1,(anonymous_8)
FNDA:4,(anonymous_9)
FNDA:1,(anonymous_10)
FNDA:1,(anonymous_11)
FNDA:4,(anonymous_12)
FNDA:0,(anonymous_13)
FNDA:0,(anonymous_14)
FNDA:0,(anonymous_15)
FNDA:0,(anonymous_16)
FNDA:0,(anonymous_17)
FNDA:0,(anonymous_18)
FNDA:0,(anonymous_19)
FNDA:0,(anonymous_20)
FNDA:0,(anonymous_21)
DA:9,2
DA:13,2
DA:14,2
DA:15,2
DA:17,2
DA:18,2
DA:19,8
DA:20,8
DA:21,8
DA:23,2
DA:31,2
DA:32,2
DA:33,2
DA:34,2
DA:36,16
DA:39,2
DA:40,2
DA:41,2
DA:42,4
DA:43,4
DA:45,2
DA:50,2
DA:51,2
DA:53,2
DA:64,1
DA:81,4
DA:105,0
DA:120,0
DA:125,0
DA:128,0
DA:149,0
DA:156,0
DA:167,0
LF:33
LH:26
BRDA:19,0,0,8
BRDA:19,0,1,6
BRDA:20,1,0,8
BRDA:20,1,1,4
BRDA:36,2,0,16
BRDA:36,2,1,10
BRDA:43,3,0,4
BRDA:43,3,1,0
BRDA:66,4,0,1
BRDA:66,4,1,1
BRDA:72,5,0,2
BRDA:72,5,1,1
BRDA:107,6,0,0
BRDA:107,6,1,2
BRDA:113,7,0,2
BRDA:113,7,1,0
BRDA:128,8,0,0
BRDA:128,8,1,0
BRDA:151,9,0,0
BRDA:151,9,1,2
BRDA:158,10,0,2
BRDA:158,10,1,0
BRF:22
BRH:15
end_of_record
TN:
SF:src\components\ScoreCard.jsx
FN:3,ScoreCard
FNF:1
FNH:0
FNDA:0,ScoreCard
DA:4,0
LF:1
LH:0
BRDA:8,0,0,0
BRDA:8,0,1,0
BRF:2
BRH:0
end_of_record
TN:
SF:src\components\Sections.jsx
FN:8,SectionCounters
FN:10,(anonymous_1)
FN:25,Sections
FN:27,(anonymous_3)
FN:36,(anonymous_4)
FN:49,(anonymous_5)
FN:76,(anonymous_6)
FN:91,(anonymous_7)
FN:101,(anonymous_8)
FN:121,(anonymous_9)
FN:121,(anonymous_10)
FN:125,(anonymous_11)
FN:125,(anonymous_12)
FNF:13
FNH:0
FNDA:0,SectionCounters
FNDA:0,(anonymous_1)
FNDA:0,Sections
FNDA:0,(anonymous_3)
FNDA:0,(anonymous_4)
FNDA:0,(anonymous_5)
FNDA:0,(anonymous_6)
FNDA:0,(anonymous_7)
FNDA:0,(anonymous_8)
FNDA:0,(anonymous_9)
FNDA:0,(anonymous_10)
FNDA:0,(anonymous_11)
FNDA:0,(anonymous_12)
DA:6,0
DA:9,0
DA:10,0
DA:11,0
DA:12,0
DA:13,0
DA:14,0
DA:16,0
DA:26,0
DA:27,0
DA:28,0
DA:30,0
DA:31,0
DA:34,0
DA:37,0
DA:38,0
DA:39,0
DA:41,0
DA:49,0
DA:77,0
DA:78,0
DA:79,0
DA:92,0
DA:93,0
DA:101,0
DA:121,0
DA:125,0
LF:27
LH:0
BRDA:11,0,0,0
BRDA:11,0,1,0
BRDA:12,1,0,0
BRDA:12,1,1,0
BRDA:13,2,0,0
BRDA:13,2,1,0
BRDA:13,3,0,0
BRDA:13,3,1,0
BRDA:13,3,2,0
BRDA:30,4,0,0
BRDA:30,4,1,0
BRDA:45,5,0,0
BRDA:45,5,1,0
BRDA:49,6,0,0
BRDA:49,6,1,0
BRDA:57,7,0,0
BRDA:57,7,1,0
BRDA:77,8,0,0
BRDA:77,8,1,0
BRDA:82,9,0,0
BRDA:82,9,1,0
BRDA:83,10,0,0
BRDA:83,10,1,0
BRDA:83,11,0,0
BRDA:83,11,1,0
BRDA:83,12,0,0
BRDA:83,12,1,0
BRDA:83,13,0,0
BRDA:83,13,1,0
BRF:29
BRH:0
end_of_record
TN:
SF:src\components\SourceSelector.jsx
FN:6,SourceSelector
FN:11,(anonymous_1)
FN:16,(anonymous_2)
FN:27,(anonymous_3)
FN:52,(anonymous_4)
FNF:5
FNH:5
FNDA:5,SourceSelector
FNDA:1,(anonymous_1)
FNDA:1,(anonymous_2)
FNDA:1,(anonymous_3)
FNDA:1,(anonymous_4)
DA:7,5
DA:8,5
DA:9,5
DA:11,5
DA:12,1
DA:13,1
DA:16,5
DA:17,1
DA:18,1
DA:19,1
DA:20,1
DA:21,1
DA:23,0
DA:27,5
DA:28,1
DA:29,1
DA:30,1
DA:31,1
DA:32,0
DA:33,0
DA:35,1
DA:38,1
DA:42,5
DA:53,1
DA:54,1
DA:55,1
DA:56,1
LF:27
LH:24
BRDA:12,0,0,1
BRDA:12,0,1,0
BRDA:13,1,0,1
BRDA:13,1,1,0
BRDA:19,2,0,0
BRDA:19,2,1,1
BRDA:23,3,0,0
BRDA:23,3,1,0
BRDA:29,4,0,0
BRDA:29,4,1,1
BRDA:55,5,0,1
BRDA:55,5,1,0
BRDA:56,6,0,0
BRDA:56,6,1,1
BRDA:79,7,0,5
BRDA:79,7,1,1
BRDA:84,8,0,5
BRDA:84,8,1,1
BRF:18
BRH:10
end_of_record
TN:
SF:src\context\ChecklistContext.jsx
FN:12,ChecklistProvider
FN:17,(anonymous_1)
FN:22,(anonymous_2)
FN:32,(anonymous_3)
FN:37,(anonymous_4)
FN:43,(anonymous_5)
FN:45,(anonymous_6)
FN:62,(anonymous_7)
FN:64,(anonymous_8)
FN:66,(anonymous_9)
FN:69,(anonymous_10)
FN:71,(anonymous_11)
FN:75,(anonymous_12)
FN:83,(anonymous_13)
FN:90,(anonymous_14)
FN:96,(anonymous_15)
FN:103,useChecklist
FNF:17
FNH:15
FNDA:14,ChecklistProvider
FNDA:4,(anonymous_1)
FNDA:4,(anonymous_2)
FNDA:10,(anonymous_3)
FNDA:4,(anonymous_4)
FNDA:4,(anonymous_5)
FNDA:7,(anonymous_6)
FNDA:3,(anonymous_7)
FNDA:3,(anonymous_8)
FNDA:3,(anonymous_9)
FNDA:1,(anonymous_10)
FNDA:1,(anonymous_11)
FNDA:3,(anonymous_12)
FNDA:0,(anonymous_13)
FNDA:0,(anonymous_14)
FNDA:12,(anonymous_15)
FNDA:13,useChecklist
DA:3,3
DA:6,3
DA:7,3
DA:10,3
DA:13,14
DA:14,14
DA:17,14
DA:18,4
DA:22,14
DA:23,4
DA:24,4
DA:25,2
DA:26,2
DA:27,2
DA:32,14
DA:33,10
DA:37,14
DA:38,4
DA:40,0
DA:41,0
DA:43,4
DA:44,4
DA:45,7
DA:48,4
DA:49,7
DA:51,7
DA:54,4
DA:55,10
DA:57,4
DA:62,14
DA:64,3
DA:65,3
DA:66,3
DA:69,14
DA:71,1
DA:72,1
DA:73,1
DA:74,1
DA:75,3
DA:76,2
DA:77,2
DA:79,1
DA:83,14
DA:84,0
DA:85,0
DA:86,0
DA:87,0
DA:90,14
DA:91,0
DA:92,0
DA:95,14
DA:96,12
DA:100,14
DA:104,13
DA:105,13
DA:106,13
LF:56
LH:48
BRDA:12,0,0,0
BRDA:18,1,0,4
BRDA:18,1,1,0
BRDA:24,2,0,2
BRDA:24,2,1,2
BRDA:27,3,0,2
BRDA:27,3,1,0
BRDA:27,4,0,2
BRDA:27,4,1,2
BRDA:38,5,0,0
BRDA:38,5,1,4
BRDA:49,6,0,4
BRDA:49,6,1,3
BRDA:51,7,0,0
BRDA:51,7,1,7
BRDA:55,8,0,3
BRDA:55,8,1,7
BRDA:64,9,0,0
BRDA:64,9,1,3
BRDA:65,10,0,2
BRDA:65,10,1,1
BRDA:66,11,0,1
BRDA:66,11,1,2
BRDA:75,12,0,0
BRDA:75,12,1,2
BRDA:76,13,0,2
BRDA:76,13,1,0
BRDA:77,14,0,2
BRDA:77,14,1,0
BRDA:79,15,0,1
BRDA:79,15,1,0
BRDA:83,16,0,0
BRDA:84,17,0,0
BRDA:84,17,1,0
BRDA:105,18,0,0
BRDA:105,18,1,13
BRF:36
BRH:22
end_of_record
TN:
SF:src\pages\CreateReportPage.jsx
FN:9,useQuickStats
FN:10,(anonymous_1)
FN:22,CreateReportPage
FN:38,(anonymous_3)
FN:40,(anonymous_4)
FN:51,(anonymous_5)
FN:55,(anonymous_6)
FN:75,(anonymous_7)
FN:89,(anonymous_8)
FN:96,(anonymous_9)
FN:101,(anonymous_10)
FN:152,(anonymous_11)
FN:155,(anonymous_12)
FNF:13
FNH:0
FNDA:0,useQuickStats
FNDA:0,(anonymous_1)
FNDA:0,CreateReportPage
FNDA:0,(anonymous_3)
FNDA:0,(anonymous_4)
FNDA:0,(anonymous_5)
FNDA:0,(anonymous_6)
FNDA:0,(anonymous_7)
FNDA:0,(anonymous_8)
FNDA:0,(anonymous_9)
FNDA:0,(anonymous_10)
FNDA:0,(anonymous_11)
FNDA:0,(anonymous_12)
DA:10,0
DA:11,0
DA:12,0
DA:13,0
DA:14,0
DA:15,0
DA:16,0
DA:18,0
DA:23,0
DA:26,0
DA:27,0
DA:28,0
DA:31,0
DA:32,0
DA:33,0
DA:35,0
DA:38,0
DA:39,0
DA:40,0
DA:41,0
DA:42,0
DA:43,0
DA:44,0
DA:46,0
DA:48,0
DA:51,0
DA:55,0
DA:56,0
DA:57,0
DA:58,0
DA:59,0
DA:60,0
DA:61,0
DA:62,0
DA:64,0
DA:65,0
DA:67,0
DA:68,0
DA:70,0
DA:75,0
DA:76,0
DA:77,0
DA:78,0
DA:79,0
DA:80,0
DA:81,0
DA:82,0
DA:84,0
DA:85,0
DA:89,0
DA:90,0
DA:91,0
DA:93,0
DA:96,0
DA:97,0
DA:98,0
DA:99,0
DA:101,0
DA:102,0
DA:113,0
DA:114,0
DA:115,0
DA:117,0
DA:118,0
DA:122,0
DA:152,0
DA:156,0
LF:67
LH:0
BRDA:13,0,0,0
BRDA:13,0,1,0
BRDA:14,1,0,0
BRDA:14,1,1,0
BRDA:15,2,0,0
BRDA:15,2,1,0
BRDA:15,3,0,0
BRDA:15,3,1,0
BRDA:15,3,2,0
BRDA:44,4,0,0
BRDA:44,4,1,0
BRDA:44,5,0,0
BRDA:44,5,1,0
BRDA:48,6,0,0
BRDA:48,6,1,0
BRDA:60,7,0,0
BRDA:60,7,1,0
BRDA:60,8,0,0
BRDA:60,8,1,0
BRDA:80,9,0,0
BRDA:80,9,1,0
BRDA:91,10,0,0
BRDA:91,10,1,0
BRDA:97,11,0,0
BRDA:97,11,1,0
BRDA:105,12,0,0
BRDA:105,12,1,0
BRDA:156,13,0,0
BRDA:156,13,1,0
BRDA:159,14,0,0
BRDA:159,14,1,0
BRDA:172,15,0,0
BRDA:172,15,1,0
BRDA:189,16,0,0
BRDA:189,16,1,0
BRDA:209,17,0,0
BRDA:209,17,1,0
BRDA:210,18,0,0
BRDA:210,18,1,0
BRDA:214,19,0,0
BRDA:214,19,1,0
BRF:41
BRH:0
end_of_record
TN:
SF:src\pages\DashboardPage.jsx
FN:7,DashboardPage
FN:12,(anonymous_1)
FN:13,(anonymous_2)
FN:14,(anonymous_3)
FN:16,(anonymous_4)
FN:25,(anonymous_5)
FN:26,(anonymous_6)
FN:58,MetricCard
FNF:8
FNH:5
FNDA:2,DashboardPage
FNDA:1,(anonymous_1)
FNDA:2,(anonymous_2)
FNDA:1,(anonymous_3)
FNDA:1,(anonymous_4)
FNDA:0,(anonymous_5)
FNDA:0,(anonymous_6)
FNDA:0,MetricCard
DA:8,2
DA:9,2
DA:10,2
DA:12,2
DA:13,2
DA:14,2
DA:16,2
DA:17,2
DA:18,0
DA:20,0
DA:25,0
DA:26,0
DA:59,0
LF:13
LH:8
BRDA:13,0,0,0
BRDA:13,0,1,2
BRDA:13,1,0,2
BRDA:13,1,1,2
BRDA:14,2,0,0
BRDA:14,2,1,1
BRDA:16,3,0,0
BRDA:16,3,1,1
BRDA:17,4,0,2
BRDA:17,4,1,0
BRDA:18,5,0,0
BRDA:18,5,1,0
BRDA:41,6,0,0
BRDA:41,6,1,0
BRDA:46,7,0,0
BRDA:46,7,1,0
BRDA:46,8,0,0
BRDA:46,8,1,0
BRDA:46,9,0,0
BRDA:46,9,1,0
BRDA:64,10,0,0
BRDA:64,10,1,0
BRF:22
BRH:6
end_of_record
TN:
SF:src\pages\HomePage.jsx
FN:5,HomePage
FN:6,(anonymous_1)
FN:24,(anonymous_2)
FNF:3
FNH:0
FNDA:0,HomePage
FNDA:0,(anonymous_1)
FNDA:0,(anonymous_2)
DA:6,0
DA:7,0
DA:25,0
LF:3
LH:0
BRDA:20,0,0,0
BRDA:20,0,1,0
BRDA:29,1,0,0
BRDA:29,1,1,0
BRF:4
BRH:0
end_of_record
TN:
SF:src\pages\ViewReportsPage.jsx
FN:5,ViewReportsPage
FN:6,(anonymous_1)
FN:24,(anonymous_2)
FNF:3
FNH:2
FNDA:1,ViewReportsPage
FNDA:1,(anonymous_1)
FNDA:0,(anonymous_2)
DA:6,1
DA:7,1
DA:9,0
DA:25,0
LF:4
LH:2
BRDA:7,0,0,1
BRDA:7,0,1,0
BRDA:30,1,0,0
BRDA:30,1,1,0
BRF:4
BRH:1
end_of_record
TN:
SF:src\test-utils\axeHelper.js
FN:11,axeCheckFiltered
FN:16,(anonymous_1)
FN:24,(anonymous_2)
FN:28,(anonymous_3)
FN:29,(anonymous_4)
FN:30,(anonymous_5)
FNF:6
FNH:0
FNDA:0,axeCheckFiltered
FNDA:0,(anonymous_1)
FNDA:0,(anonymous_2)
FNDA:0,(anonymous_3)
FNDA:0,(anonymous_4)
FNDA:0,(anonymous_5)
DA:12,0
DA:15,0
DA:16,0
DA:21,0
DA:24,0
DA:25,0
DA:28,0
DA:29,0
DA:30,0
DA:34,0
DA:38,0
LF:11
LH:0
BRDA:11,0,0,0
BRDA:12,1,0,0
BRDA:12,2,0,0
BRDA:25,3,0,0
BRDA:25,3,1,0
BRDA:25,4,0,0
BRDA:25,4,1,0
BRF:7
BRH:0
end_of_record
TN:
SF:src\test-utils\axeSnapshot.js
FN:4,axeAudit
FN:6,(anonymous_1)
FN:7,(anonymous_2)
FNF:3
FNH:0
FNDA:0,axeAudit
FNDA:0,(anonymous_1)
FNDA:0,(anonymous_2)
DA:5,0
DA:6,0
DA:7,0
DA:8,0
DA:10,0
LF:5
LH:0
BRDA:6,0,0,0
BRDA:6,0,1,0
BRF:2
BRH:0
end_of_record
TN:
SF:src\utils\aggregations.js
FN:4,(anonymous_0)
FN:6,(anonymous_1)
FN:12,countsBySeverity
FN:14,(anonymous_3)
FN:33,matrixSpaceSeverity
FN:35,(anonymous_5)
FN:36,(anonymous_6)
FN:48,(anonymous_7)
FN:64,coverageBySpace
FN:66,(anonymous_9)
FN:74,(anonymous_10)
FNF:11
FNH:11
FNDA:19,(anonymous_0)
FNDA:21,(anonymous_1)
FNDA:2,countsBySeverity
FNDA:8,(anonymous_3)
FNDA:2,matrixSpaceSeverity
FNDA:9,(anonymous_5)
FNDA:24,(anonymous_6)
FNDA:9,(anonymous_7)
FNDA:2,coverageBySpace
FNDA:9,(anonymous_9)
FNDA:9,(anonymous_10)
DA:4,19
DA:6,21
DA:13,2
DA:14,8
DA:16,2
DA:17,7
DA:18,7
DA:20,6
DA:21,6
DA:22,6
DA:24,2
DA:34,2
DA:35,2
DA:36,24
DA:37,9
DA:40,2
DA:41,2
DA:42,7
DA:43,7
DA:45,6
DA:46,6
DA:48,9
DA:50,6
DA:52,6
DA:53,9
DA:54,9
DA:57,2
DA:65,2
DA:66,9
DA:68,2
DA:69,7
DA:70,7
DA:72,6
DA:74,9
DA:76,6
DA:78,6
DA:79,9
DA:80,9
DA:81,9
DA:84,2
LF:40
LH:40
BRDA:4,0,0,19
BRDA:4,0,1,12
BRDA:4,0,2,8
BRDA:12,1,0,0
BRDA:18,2,0,1
BRDA:18,2,1,6
BRDA:20,3,0,6
BRDA:20,3,1,0
BRDA:22,4,0,4
BRDA:22,4,1,2
BRDA:33,5,0,0
BRDA:36,6,0,6
BRDA:36,6,1,3
BRDA:42,7,0,7
BRDA:42,7,1,0
BRDA:43,8,0,1
BRDA:43,8,1,6
BRDA:43,9,0,7
BRDA:43,9,1,7
BRDA:45,10,0,6
BRDA:45,10,1,0
BRDA:46,11,0,6
BRDA:46,11,1,0
BRDA:50,12,0,6
BRDA:50,12,1,0
BRDA:54,13,0,9
BRDA:54,13,1,9
BRDA:64,14,0,0
BRDA:70,15,0,1
BRDA:70,15,1,6
BRDA:72,16,0,6
BRDA:72,16,1,0
BRDA:76,17,0,6
BRDA:76,17,1,0
BRDA:81,18,0,7
BRDA:81,18,1,2
BRF:36
BRH:26
end_of_record
TN:
SF:src\utils\api.js
FN:3,loadBuildings
FN:9,loadChecklist
FN:18,saveReport
FN:20,(anonymous_3)
FN:26,listReports
FN:32,getReport
FN:33,(anonymous_6)
FNF:7
FNH:1
FNDA:0,loadBuildings
FNDA:0,loadChecklist
FNDA:0,saveReport
FNDA:0,(anonymous_3)
FNDA:2,listReports
FNDA:0,getReport
FNDA:0,(anonymous_6)
DA:4,0
DA:5,0
DA:6,0
DA:10,0
DA:11,0
DA:12,0
DA:16,2
DA:19,0
DA:20,0
DA:21,0
DA:22,0
DA:23,0
DA:27,2
DA:28,2
DA:29,0
DA:33,0
LF:16
LH:3
BRDA:5,0,0,0
BRDA:5,0,1,0
BRDA:11,1,0,0
BRDA:11,1,1,0
BRDA:21,2,0,0
BRDA:21,2,1,0
BRDA:28,3,0,2
BRDA:28,3,1,2
BRF:8
BRH:2
end_of_record
TN:
SF:src\utils\grouping.js
FN:1,groupByPrimarySpace
FN:4,(anonymous_1)
FN:9,(anonymous_2)
FN:11,(anonymous_3)
FNF:4
FNH:0
FNDA:0,groupByPrimarySpace
FNDA:0,(anonymous_1)
FNDA:0,(anonymous_2)
FNDA:0,(anonymous_3)
DA:2,0
DA:3,0
DA:4,0
DA:5,0
DA:6,0
DA:9,0
DA:10,0
DA:11,0
DA:12,0
DA:13,0
DA:14,0
DA:15,0
DA:18,0
LF:13
LH:0
BRDA:4,0,0,0
BRDA:4,0,1,0
BRDA:5,1,0,0
BRDA:5,1,1,0
BRDA:13,2,0,0
BRDA:13,2,1,0
BRDA:14,3,0,0
BRDA:14,3,1,0
BRDA:15,4,0,0
BRDA:15,4,1,0
BRF:10
BRH:0
end_of_record
TN:
SF:src\utils\scoring.js
FN:8,(anonymous_0)
FN:9,(anonymous_1)
FN:10,(anonymous_2)
FN:12,computeScore
FN:13,(anonymous_4)
FN:16,(anonymous_5)
FN:18,(anonymous_6)
FN:20,(anonymous_7)
FN:25,(anonymous_8)
FN:34,(anonymous_9)
FN:34,(anonymous_10)
FN:37,(anonymous_11)
FN:40,(anonymous_12)
FN:42,(anonymous_13)
FN:43,(anonymous_14)
FNF:15
FNH:15
FNDA:16,(anonymous_0)
FNDA:10,(anonymous_1)
FNDA:8,(anonymous_2)
FNDA:3,computeScore
FNDA:21,(anonymous_4)
FNDA:10,(anonymous_5)
FNDA:8,(anonymous_6)
FNDA:8,(anonymous_7)
FNDA:8,(anonymous_8)
FNDA:6,(anonymous_9)
FNDA:16,(anonymous_10)
FNDA:2,(anonymous_11)
FNDA:2,(anonymous_12)
FNDA:8,(anonymous_13)
FNDA:4,(anonymous_14)
DA:1,2
DA:2,2
DA:8,16
DA:9,10
DA:10,8
DA:13,21
DA:16,10
DA:18,8
DA:20,3
DA:21,8
DA:22,8
DA:25,3
DA:26,8
DA:27,8
DA:30,3
DA:31,3
DA:34,16
DA:36,3
DA:37,3
DA:39,3
DA:40,3
DA:42,8
DA:43,4
DA:45,3
DA:51,3
LF:25
LH:25
BRDA:8,0,0,16
BRDA:8,0,1,10
BRDA:8,0,2,7
BRDA:10,1,0,1
BRDA:10,1,1,7
BRDA:10,2,0,1
BRDA:10,2,1,6
BRDA:10,3,0,3
BRDA:10,3,1,3
BRDA:13,4,0,21
BRDA:13,4,1,0
BRDA:13,4,2,0
BRDA:22,5,0,5
BRDA:22,5,1,3
BRDA:30,6,0,2
BRDA:30,6,1,1
BRDA:31,7,0,2
BRDA:31,7,1,1
BRDA:37,8,0,3
BRDA:37,8,1,2
BRDA:40,9,0,2
BRDA:40,9,1,1
BRDA:42,10,0,8
BRDA:42,10,1,6
BRDA:43,11,0,2
BRDA:43,11,1,1
BRDA:46,12,0,3
BRDA:46,12,1,1
BRDA:46,12,2,1
BRDA:47,13,0,3
BRDA:47,13,1,1
BRDA:48,14,0,3
BRDA:48,14,1,1
BRF:33
BRH:31
end_of_record
TN:
SF:src\utils\spaces.js
FN:2,getItemSpaces
FN:3,(anonymous_1)
FN:32,groupItemsBySpace
FN:34,(anonymous_3)
FN:37,(anonymous_4)
FNF:5
FNH:0
FNDA:0,getItemSpaces
FNDA:0,(anonymous_1)
FNDA:0,groupItemsBySpace
FNDA:0,(anonymous_3)
FNDA:0,(anonymous_4)
DA:3,0
DA:7,0
DA:33,0
DA:34,0
DA:35,0
DA:36,0
DA:37,0
DA:38,0
DA:39,0
DA:42,0
LF:10
LH:0
BRDA:3,0,0,0
BRDA:3,0,1,0
BRDA:36,1,0,0
BRDA:36,1,1,0
BRDA:38,2,0,0
BRDA:38,2,1,0
BRF:6
BRH:0
end_of_record
